<?xml version="1.0" encoding="UTF-8"?>
<testsuite name="ru.otus.bank.service.impl.AccountServiceImplParametrizedTest" tests="8" skipped="0" failures="0" errors="0" timestamp="2024-03-26T10:26:18" hostname="DESKTOP-QCG63MA" time="0.121">
  <properties/>
  <testcase name="[1] 100, 10, true" classname="ru.otus.bank.service.impl.AccountServiceImplParametrizedTest" time="0.032"/>
  <testcase name="[2] 10, 100, false" classname="ru.otus.bank.service.impl.AccountServiceImplParametrizedTest" time="0.005"/>
  <testcase name="[3] 100, 0, false" classname="ru.otus.bank.service.impl.AccountServiceImplParametrizedTest" time="0.005"/>
  <testcase name="[4] 100, -1, false" classname="ru.otus.bank.service.impl.AccountServiceImplParametrizedTest" time="0.003"/>
  <testcase name="[1] 100, 10, true" classname="ru.otus.bank.service.impl.AccountServiceImplParametrizedTest" time="0.005"/>
  <testcase name="[2] 10, 100, false" classname="ru.otus.bank.service.impl.AccountServiceImplParametrizedTest" time="0.003"/>
  <testcase name="[3] 10, 0, false" classname="ru.otus.bank.service.impl.AccountServiceImplParametrizedTest" time="0.003"/>
  <testcase name="[4] 10, -1, false" classname="ru.otus.bank.service.impl.AccountServiceImplParametrizedTest" time="0.003"/>
  <system-out><![CDATA[]]></system-out>
  <system-err><![CDATA[]]></system-err>
</testsuite>
