<?xml version="1.0" encoding="UTF-8"?>
<testsuite name="ru.otus.bank.service.impl.AgreementServiceImplTest" tests="3" skipped="0" failures="0" errors="0" timestamp="2024-04-02T09:04:07" hostname="DESKTOP-QCG63MA" time="0.01">
  <properties/>
  <testcase name="testFindByName()" classname="ru.otus.bank.service.impl.AgreementServiceImplTest" time="0.004"/>
  <testcase name="testFindByNameWithCaptor()" classname="ru.otus.bank.service.impl.AgreementServiceImplTest" time="0.003"/>
  <testcase name="testAddAgreement()" classname="ru.otus.bank.service.impl.AgreementServiceImplTest" time="0.002"/>
  <system-out><![CDATA[]]></system-out>
  <system-err><![CDATA[]]></system-err>
</testsuite>
