<?xml version="1.0" encoding="UTF-8"?>
<testsuite name="ru.otus.bank.service.impl.AccountServiceImplParametrizedTest" tests="8" skipped="0" failures="0" errors="0" timestamp="2024-04-02T09:04:06" hostname="DESKTOP-QCG63MA" time="0.872">
  <properties/>
  <testcase name="[1] 100, 10, true" classname="ru.otus.bank.service.impl.AccountServiceImplParametrizedTest" time="0.81"/>
  <testcase name="[2] 10, 100, false" classname="ru.otus.bank.service.impl.AccountServiceImplParametrizedTest" time="0.004"/>
  <testcase name="[3] 100, 0, false" classname="ru.otus.bank.service.impl.AccountServiceImplParametrizedTest" time="0.004"/>
  <testcase name="[4] 100, -1, false" classname="ru.otus.bank.service.impl.AccountServiceImplParametrizedTest" time="0.003"/>
  <testcase name="[1] 100, 10, true" classname="ru.otus.bank.service.impl.AccountServiceImplParametrizedTest" time="0.004"/>
  <testcase name="[2] 10, 100, false" classname="ru.otus.bank.service.impl.AccountServiceImplParametrizedTest" time="0.002"/>
  <testcase name="[3] 10, 0, false" classname="ru.otus.bank.service.impl.AccountServiceImplParametrizedTest" time="0.003"/>
  <testcase name="[4] 10, -1, false" classname="ru.otus.bank.service.impl.AccountServiceImplParametrizedTest" time="0.002"/>
  <system-out><![CDATA[]]></system-out>
  <system-err><![CDATA[WARNING: A Java agent has been loaded dynamically (C:\Users\mashi_kb9d2ue\gradle\gradle-8.7\bin\caches\modules-2\files-2.1\net.bytebuddy\byte-buddy-agent\1.14.12\be4984cb6fd1ef1d11f218a648889dfda44b8a15\byte-buddy-agent-1.14.12.jar)
WARNING: If a serviceability tool is in use, please run with -XX:+EnableDynamicAgentLoading to hide this warning
WARNING: If a serviceability tool is not in use, please run with -Djdk.instrument.traceUsage for more information
WARNING: Dynamic loading of agents will be disallowed by default in a future release
]]></system-err>
</testsuite>
