<?xml version="1.0" encoding="UTF-8"?>
<testsuite name="ru.otus.bank.service.impl.AccountServiceImplTest" tests="6" skipped="0" failures="0" errors="0" timestamp="2024-04-02T09:04:07" hostname="DESKTOP-QCG63MA" time="0.03">
  <properties/>
  <testcase name="testSourceNotFound()" classname="ru.otus.bank.service.impl.AccountServiceImplTest" time="0.003"/>
  <testcase name="testAddAccount()" classname="ru.otus.bank.service.impl.AccountServiceImplTest" time="0.011"/>
  <testcase name="testCharge()" classname="ru.otus.bank.service.impl.AccountServiceImplTest" time="0.003"/>
  <testcase name="testTransfer()" classname="ru.otus.bank.service.impl.AccountServiceImplTest" time="0.002"/>
  <testcase name="testGetAccountsByAgreement()" classname="ru.otus.bank.service.impl.AccountServiceImplTest" time="0.003"/>
  <testcase name="testTransferWithVerify()" classname="ru.otus.bank.service.impl.AccountServiceImplTest" time="0.003"/>
  <system-out><![CDATA[]]></system-out>
  <system-err><![CDATA[]]></system-err>
</testsuite>
